Arguments: 
  C:\Program Files\nodejs\node.exe C:\Users\preciousarierhi\AppData\Roaming\npm\node_modules\yarn\bin\yarn.js add @ant-design/react-native@5.0.0

PATH: 
  C:\Windows\system32;C:\Windows;C:\Windows\System32\Wbem;C:\Windows\System32\WindowsPowerShell\v1.0\;C:\Windows\System32\OpenSSH\;C:\Program Files\nodejs\;C:\Program Files (x86)\Git\cmd;C:\Users\preciousarierhi;C:\Users\preciousarierhi\AppData\Roaming\npm;C:\Users\preciousarierhi\AppData\Local\Programs\Microsoft VS Code\bin;C:\Users\preciousarierhi\AppData\Local\hyper\app-3.0.2\resources\bin;C:\Program Files\OpenSSL-Win64\bin;C:\Program Files\heroku\bin;

Yarn version: 
  1.22.10

Node version: 
  14.15.4

Platform: 
  win32 x64

Trace: 
  SyntaxError: C:\Users\preciousarierhi\coinbase\coinbaseApp\package.json: Unexpected token } in JSON at position 1569
      at JSON.parse (<anonymous>)
      at C:\Users\preciousarierhi\AppData\Roaming\npm\node_modules\yarn\lib\cli.js:1625:59
      at Generator.next (<anonymous>)
      at step (C:\Users\preciousarierhi\AppData\Roaming\npm\node_modules\yarn\lib\cli.js:310:30)
      at C:\Users\preciousarierhi\AppData\Roaming\npm\node_modules\yarn\lib\cli.js:321:13

npm manifest: 
  {
    "main": "node_modules/expo/AppEntry.js",
    "scripts": {
      "start": "expo start",
      "android": "expo start --android",
      "ios": "expo start --ios",
      "web": "expo start --web",
      "eject": "expo eject"
    },
    "dependencies": {
      "@ant-design/react-native": "^5.0.0",
      "@react-native-async-storage/async-storage": "~1.15.0",
      "@react-native-community/checkbox": "0.5.12",
      "@react-native-community/clipboard": "^1.5.1",
      "@react-native-community/masked-view": "0.1.11",
      "@react-native-community/picker": "^1.8.1",
      "@react-navigation/bottom-tabs": "5.x",
      "@react-navigation/drawer": "5.x",
      "@react-navigation/native": "5.x",
      "@react-navigation/stack": "5.x",
      "axios": "0.27.2",
      "expo": "45.0.0",
      "expo-checkbox": "~2.1.0",
      "expo-font": "~10.1.0",
      "expo-status-bar": "~1.3.0",
      "react": "17.0.2",
      "react-content-loader": "^6.2.0",
      "react-dom": "17.0.2",
      "react-native": "0.68.1",
      "react-native-drop-shadow": "0.0.4",
      "react-native-gesture-handler": "~2.2.0",
      "react-native-haptic-feedback": "^1.14.0",
      "react-native-picker-select": "^8.0.4",
      "react-native-progress": "5.0.0",
      "react-native-reanimated": "~2.8.0",
      "react-native-safe-area-context": "4.2.4",
      "react-native-screens": "~3.11.1",
      "react-native-snap-carousel": "^3.9.1",
      "react-native-svg": "12.3.0",
      "react-native-wagmi-charts": "^2.1.0",
      "react-native-web": "0.17.7",
      "react-redux": "8.0.2",
      "redux": "4.2.0",
      "redux-thunk": "2.4.1",
      "socket.io-client": "4.5.1",
    },
    "devDependencies": {
      "@babel/core": "^7.12.9"
    },
    "private": true
  }

yarn manifest: 
  No manifest

Lockfile: 
  No lockfile
